{"E:\\Project\\Election-Process-Education-1\\src\\components\\Hero.tsx": {"path":"E:\\Project\\Election-Process-Education-1\\src\\components\\Hero.tsx","statementMap":{"0":{"start":{"line":4,"column":6},"end":{"line":67,"column":null}},"1":{"start":{"line":5,"column":2},"end":{"line":67,"column":null}},"2":{"start":{"line":11,"column":12},"end":{"line":11,"column":null}},"3":{"start":{"line":57,"column":35},"end":{"line":57,"column":88}}},"fnMap":{"0":{"name":"(anonymous_0)","decl":{"start":{"line":4,"column":6},"end":{"line":4,"column":19}},"loc":{"start":{"line":4,"column":19},"end":{"line":67,"column":null}},"line":4},"1":{"name":"(anonymous_1)","decl":{"start":{"line":10,"column":26},"end":{"line":10,"column":31}},"loc":{"start":{"line":11,"column":12},"end":{"line":11,"column":null}},"line":11},"2":{"name":"(anonymous_2)","decl":{"start":{"line":57,"column":20},"end":{"line":57,"column":35}},"loc":{"start":{"line":57,"column":35},"end":{"line":57,"column":88}},"line":57}},"branchMap":{},"s":{"0":1,"1":2,"2":24,"3":1},"f":{"0":2,"1":24,"2":1},"b":{},"meta":{"lastBranch":0,"lastFunction":3,"lastStatement":4,"seen":{"s:4:6:67:Infinity":0,"f:4:6:4:19":0,"s:5:2:67:Infinity":1,"f:10:26:10:31":1,"s:11:12:11:Infinity":2,"f:57:20:57:35":2,"s:57:35:57:88":3}}}
,"E:\\Project\\Election-Process-Education-1\\src\\components\\LanguageSelector.tsx": {"path":"E:\\Project\\Election-Process-Education-1\\src\\components\\LanguageSelector.tsx","statementMap":{"0":{"start":{"line":5,"column":18},"end":{"line":18,"column":null}},"1":{"start":{"line":20,"column":6},"end":{"line":26,"column":null}},"2":{"start":{"line":21,"column":2},"end":{"line":26,"column":null}},"3":{"start":{"line":22,"column":4},"end":{"line":22,"column":null}},"4":{"start":{"line":23,"column":4},"end":{"line":23,"column":null}},"5":{"start":{"line":25,"column":4},"end":{"line":25,"column":null}},"6":{"start":{"line":26,"column":4},"end":{"line":26,"column":null}},"7":{"start":{"line":30,"column":13},"end":{"line":92,"column":null}},"8":{"start":{"line":31,"column":17},"end":{"line":31,"column":44}},"9":{"start":{"line":33,"column":8},"end":{"line":41,"column":null}},"10":{"start":{"line":34,"column":4},"end":{"line":34,"column":null}},"11":{"start":{"line":35,"column":4},"end":{"line":35,"column":null}},"12":{"start":{"line":37,"column":4},"end":{"line":37,"column":null}},"13":{"start":{"line":38,"column":4},"end":{"line":41,"column":null}},"14":{"start":{"line":39,"column":6},"end":{"line":39,"column":null}},"15":{"start":{"line":40,"column":6},"end":{"line":40,"column":null}},"16":{"start":{"line":44,"column":2},"end":{"line":92,"column":null}},"17":{"start":{"line":73,"column":16},"end":{"line":86,"column":null}},"18":{"start":{"line":75,"column":33},"end":{"line":75,"column":56}}},"fnMap":{"0":{"name":"(anonymous_0)","decl":{"start":{"line":20,"column":6},"end":{"line":20,"column":32}},"loc":{"start":{"line":20,"column":49},"end":{"line":26,"column":null}},"line":20},"1":{"name":"(anonymous_1)","decl":{"start":{"line":30,"column":13},"end":{"line":30,"column":33}},"loc":{"start":{"line":30,"column":88},"end":{"line":92,"column":null}},"line":30},"2":{"name":"(anonymous_2)","decl":{"start":{"line":33,"column":8},"end":{"line":33,"column":24}},"loc":{"start":{"line":33,"column":41},"end":{"line":41,"column":null}},"line":33},"3":{"name":"(anonymous_3)","decl":{"start":{"line":38,"column":4},"end":{"line":38,"column":21}},"loc":{"start":{"line":38,"column":21},"end":{"line":41,"column":11}},"line":38},"4":{"name":"(anonymous_4)","decl":{"start":{"line":72,"column":25},"end":{"line":72,"column":30}},"loc":{"start":{"line":73,"column":16},"end":{"line":86,"column":null}},"line":73},"5":{"name":"(anonymous_5)","decl":{"start":{"line":75,"column":18},"end":{"line":75,"column":33}},"loc":{"start":{"line":75,"column":33},"end":{"line":75,"column":56}},"line":75}},"branchMap":{"0":{"loc":{"start":{"line":21,"column":2},"end":{"line":26,"column":null}},"type":"if","locations":[{"start":{"line":21,"column":2},"end":{"line":26,"column":null}},{"start":{"line":24,"column":9},"end":{"line":26,"column":null}}],"line":21},"1":{"loc":{"start":{"line":46,"column":7},"end":{"line":92,"column":null}},"type":"binary-expr","locations":[{"start":{"line":46,"column":7},"end":{"line":46,"column":null}},{"start":{"line":47,"column":8},"end":{"line":92,"column":null}}],"line":46}},"s":{"0":2,"1":2,"2":3,"3":1,"4":1,"5":2,"6":2,"7":2,"8":6,"9":6,"10":3,"11":3,"12":3,"13":3,"14":2,"15":2,"16":6,"17":36,"18":3},"f":{"0":3,"1":6,"2":3,"3":2,"4":36,"5":3},"b":{"0":[1,2],"1":[6,3]},"meta":{"lastBranch":2,"lastFunction":6,"lastStatement":19,"seen":{"s:5:18:18:Infinity":0,"s:20:6:26:Infinity":1,"f:20:6:20:32":0,"b:21:2:26:Infinity:24:9:26:Infinity":0,"s:21:2:26:Infinity":2,"s:22:4:22:Infinity":3,"s:23:4:23:Infinity":4,"s:25:4:25:Infinity":5,"s:26:4:26:Infinity":6,"s:30:13:92:Infinity":7,"f:30:13:30:33":1,"s:31:17:31:44":8,"s:33:8:41:Infinity":9,"f:33:8:33:24":2,"s:34:4:34:Infinity":10,"s:35:4:35:Infinity":11,"s:37:4:37:Infinity":12,"s:38:4:41:Infinity":13,"f:38:4:38:21":3,"s:39:6:39:Infinity":14,"s:40:6:40:Infinity":15,"s:44:2:92:Infinity":16,"b:46:7:46:Infinity:47:8:92:Infinity":1,"f:72:25:72:30":4,"s:73:16:86:Infinity":17,"f:75:18:75:33":5,"s:75:33:75:56":18}}}
,"E:\\Project\\Election-Process-Education-1\\src\\components\\VoterRegistration.tsx": {"path":"E:\\Project\\Election-Process-Education-1\\src\\components\\VoterRegistration.tsx","statementMap":{"0":{"start":{"line":4,"column":14},"end":{"line":35,"column":null}},"1":{"start":{"line":37,"column":6},"end":{"line":103,"column":null}},"2":{"start":{"line":38,"column":2},"end":{"line":103,"column":null}},"3":{"start":{"line":76,"column":31},"end":{"line":76,"column":null}},"4":{"start":{"line":77,"column":18},"end":{"line":94,"column":null}}},"fnMap":{"0":{"name":"(anonymous_0)","decl":{"start":{"line":37,"column":6},"end":{"line":37,"column":32}},"loc":{"start":{"line":37,"column":32},"end":{"line":103,"column":null}},"line":37},"1":{"name":"(anonymous_1)","decl":{"start":{"line":75,"column":23},"end":{"line":75,"column":28}},"loc":{"start":{"line":75,"column":44},"end":{"line":94,"column":null}},"line":75}},"branchMap":{},"s":{"0":1,"1":1,"2":1,"3":5,"4":5},"f":{"0":1,"1":5},"b":{},"meta":{"lastBranch":0,"lastFunction":2,"lastStatement":5,"seen":{"s:4:14:35:Infinity":0,"s:37:6:103:Infinity":1,"f:37:6:37:32":0,"s:38:2:103:Infinity":2,"f:75:23:75:28":1,"s:76:31:76:Infinity":3,"s:77:18:94:Infinity":4}}}
}
